<?xml version="1.0" encoding="UTF-8"?>
<!-- Generated by org.testng.reporters.JUnitXMLReporter -->
<testsuite ignored="0" hostname="DESKTOP-F3OEKE4" failures="0" tests="4" name="Default test" time="53.697" errors="0" timestamp="2025-06-09T22:42:14 IST">
  <testcase classname="testClasses.CalculationTest" name="addition" time="12.992"/>
  <testcase classname="testClasses.CalculationTest" name="divsion" time="13.113"/>
  <testcase classname="testClasses.CalculationTest" name="multiplication" time="12.867"/>
  <testcase classname="testClasses.CalculationTest" name="subtraction" time="12.854"/>
</testsuite> <!-- Default test -->
